    1  ls /
    2  ls /usr
    3  pwd
    4  cd /root
    5  pwd
    6  cd usr
    7  cd /usr
    8  cd /home
    9  mkdir test1
   10  ls
   11  cd /home
   12  pwd
   13  mkdir test2/test3
   14  mkdir -p test2/test3
   15  ls test2
   16  touch test1/index.php
   17  ls test1
   18  cd /home/test1 && ls
   19  pwd
   20  cp index.php copy.php
   21  ls
   22  cd /home
   23  cp -r test1 test4
   24  ls
   25  ls test4
   26  cd /home
   27  mv test2/test3 test3
   28  ls
   29  pws
   30  pwd
   31  mv test4 test1_copy
   32  ls
   33  ls test
   34  ls test1
   35  rm test1/copy.php
   36  ls test1
   37  rm -r test3
   38  ls
   39  rm test1_copy/*.php
   40  ls
   41  ls test1_copy
   42  echo '# Hello World' > README.md
   43  cat README.md
   44  '# Server Lesson' > README.md
   45  echo '# Server Lesson' > README.md
   46  cat README.md
   47  echo 'Linux Practice' >> README.md
   48  echo '-----------------' >> README.md
   49  cat README.md
   50  vi README.md
   51   cd /root
   52  mkdir server_lesson && cd server_lesson
   53  yum update -y && yum -y install git
   54  git version
   55  git init
   56  touch first.txt
   57  pws
   58  pwd
   59  mkdir linux_practice1
   60  ls
   61  cd linux_practice1
   62  mkdir public
   63  ls
   64  cd public
   65  mkdir index.php
   66  ls
   67  rm index.php
   68  rm -r index.php
   69  ls
   70  touch index.php
   71  ls
   72  cp index.php index_bk.php 
   73  ls
   74  cp -r public tmp
   75  ls
   76  cd /linux_practice1
   77  cd linux_practice1
   78  ls
   79  cd ..
   80  ls
   81  cp -r public tmp
   82  ls
   83  ls public
   84  ls tmp
   85  cd tmp
   86  ls
   87  cd index_bk.php
   88  rm index_bk.php
   89  ls
   90  cd server_lesson
   91  cd ../../
   92  touch README.md
   93  ls
   94  vi README.md
   95  cat README.md
   96  pwd
   97  mkdir documents 
   98  ls
   99  rm -r documents
  100  ls
  101  mkdir linux_practice2
  102  ls
  103  cd linux_practice2
  104  ls
  105  pwd
  106  mkdir documents 
  107  ls
  108  cd documents
  109  pwd
  110  touch gizumo{1..50}.md
  111  ls
  112  cd ..
  113  mkdir trash
  114  ls
  115  mv gizumo{20..40}.md trash
  116  cd trash
  117  ls
  118  mv gizumo{20..40}.md trash
  119  cd..
  120  cd ..
  121  cd documents
  122  ls
  123  mv gizumo{20..40}.md trash
  124  mv gizumo{20..40}.md /trash
  125  pwd
  126  cd ..
  127  mv gizumo{20..40}.md /trash
  128  mv gizumo{20..40}.md trash
  129  mv documents/gizumo{20..40}.md trash
  130  ls
  131  cd trash
  132  ls
  133  cd ..
  134  cd documents
  135  ls
  136  cd ..
  137  pwd
  138  touch .gitignore
  139  ls
  140  ls .gitignore
  141  pwd
  142  ls
  143  ls -a
  144  cd .gitignore
  145  cd .gitignore
  146  git rm gizumo{20..29}.md 
  147  git rm --cached gizumo{20..29}.md 
  148  pwd
  149  git init
  150  git rm --cached gizumo{20..29}.md 
  151  git ls-files
  152   cd ..
  153  git ls-files
  154  git ls-files --others
  155  ls -la
  156  cd linux_practice2
  157  ls
  158  ls -a
  159  vi .gitignore
  160  pwd
  161  history300 > exec_command.log
  162  history 300 > exec_command.log
